<?xml version="1.0" encoding="UTF-8"?>
<!-- Generated by org.testng.reporters.JUnitReportReporter -->
<testsuite hostname="DESKTOP-4PUFGGK" failures="0" tests="2" name="makemytrip.SingletripMMT" time="135.899" errors="0" timestamp="2023-07-13T17:26:06 IST" skipped="0">
  <testcase classname="makemytrip.SingletripMMT" name="MakeMyTripLogo" time="50.351"/>
  <system-out/>
  <testcase classname="makemytrip.SingletripMMT" name="selectFromAndTo" time="85.548"/>
  <system-out/>
</testsuite> <!-- makemytrip.SingletripMMT -->
