<?xml version="1.0" encoding="UTF-8"?>
<!-- Generated by org.testng.reporters.JUnitReportReporter -->
<testsuite hostname="DESKTOP-4PUFGGK" failures="0" tests="2" name="makemytrip.SingletripMMT" time="101.110" errors="0" timestamp="2023-07-13T17:09:27 IST" skipped="0">
  <testcase classname="makemytrip.SingletripMMT" name="MakeMyTripLogo" time="44.310"/>
  <system-out/>
  <testcase classname="makemytrip.SingletripMMT" name="selectFromAndTo" time="56.800"/>
  <system-out/>
</testsuite> <!-- makemytrip.SingletripMMT -->
